<?xml version="1.0" encoding="UTF-8"?>
<!-- Generated by org.testng.reporters.JUnitReportReporter -->
<testsuite hostname="DESKTOP-SBLFK3K" failures="0" tests="1" name="ninzaHRM.createProject" time="13.294" errors="0" timestamp="2024-08-14T13:10:57 IST" skipped="0">
  <testcase classname="ninzaHRM.createProject" name="create" time="13.294"/>
</testsuite> <!-- ninzaHRM.createProject -->
